[2025-05-29T14:04:09+05:00] [INFO]: test info message
[2025-05-29T14:04:33+05:00] [ERROR]: test error
[2025-05-29T14:04:33+05:00] [INFO]: test info
[2025-05-29T14:04:33+05:00] [WARN]: test warn
[2025-05-29T14:04:37+05:00] [ERROR]: overflow test0
[2025-05-29T14:04:37+05:00] [ERROR]: overflow test1
[2025-05-29T14:04:37+05:00] [ERROR]: overflow test2
[2025-05-29T14:04:37+05:00] [ERROR]: overflow test3
[2025-05-29T14:04:37+05:00] [ERROR]: overflow test4
[2025-05-29T14:04:37+05:00] [ERROR]: overflow test5
[2025-05-29T14:04:37+05:00] [ERROR]: overflow test6
[2025-05-29T14:04:37+05:00] [ERROR]: overflow test7
[2025-05-29T14:04:37+05:00] [ERROR]: overflow test8
[2025-05-29T14:04:37+05:00] [ERROR]: overflow test9
[2025-05-29T14:04:37+05:00] [ERROR]: overflow test10
[2025-05-29T14:04:37+05:00] [ERROR]: overflow test11
[2025-05-29T14:04:37+05:00] [ERROR]: overflow test12
[2025-05-29T14:04:37+05:00] [ERROR]: overflow test13
[2025-05-29T14:04:37+05:00] [ERROR]: overflow test14
[2025-05-29T14:04:37+05:00] [ERROR]: overflow test15
[2025-05-29T14:04:37+05:00] [ERROR]: overflow test16
[2025-05-29T14:04:37+05:00] [ERROR]: overflow test17
[2025-05-29T14:04:37+05:00] [ERROR]: overflow test18
[2025-05-29T14:04:37+05:00] [ERROR]: overflow test19
[2025-05-29T14:04:37+05:00] [ERROR]: overflow test20
[2025-05-29T14:04:37+05:00] [ERROR]: overflow test21
[2025-05-29T14:04:37+05:00] [ERROR]: overflow test22
[2025-05-29T14:04:37+05:00] [ERROR]: overflow test23
[2025-05-29T14:04:37+05:00] [ERROR]: overflow test24
[2025-05-29T14:04:37+05:00] [ERROR]: overflow test25
[2025-05-29T14:04:37+05:00] [ERROR]: overflow test26
[2025-05-29T14:04:37+05:00] [ERROR]: overflow test27
[2025-05-29T14:04:37+05:00] [ERROR]: overflow test28
[2025-05-29T14:04:37+05:00] [ERROR]: overflow test29
[2025-05-29T14:04:37+05:00] [ERROR]: overflow test30
[2025-05-29T14:04:37+05:00] [ERROR]: overflow test31
[2025-05-29T14:04:37+05:00] [ERROR]: overflow test32
[2025-05-29T14:04:37+05:00] [ERROR]: overflow test33
[2025-05-29T14:04:37+05:00] [ERROR]: overflow test34
[2025-05-29T14:04:37+05:00] [ERROR]: overflow test35
[2025-05-29T14:04:37+05:00] [ERROR]: overflow test36
[2025-05-29T14:04:37+05:00] [ERROR]: overflow test37
[2025-05-29T14:04:37+05:00] [ERROR]: overflow test38
[2025-05-29T14:04:37+05:00] [ERROR]: overflow test39
[2025-05-29T14:04:37+05:00] [ERROR]: overflow test40
[2025-05-29T14:04:37+05:00] [ERROR]: overflow test41
[2025-05-29T14:04:37+05:00] [ERROR]: overflow test42
[2025-05-29T14:04:37+05:00] [ERROR]: overflow test43
[2025-05-29T14:04:37+05:00] [ERROR]: overflow test44
[2025-05-29T14:04:37+05:00] [ERROR]: overflow test45
[2025-05-29T14:04:37+05:00] [ERROR]: overflow test46
[2025-05-29T14:04:37+05:00] [ERROR]: overflow test47
[2025-05-29T14:04:37+05:00] [ERROR]: overflow test48
[2025-05-29T14:04:37+05:00] [ERROR]: overflow test49
[2025-05-29T14:04:37+05:00] [ERROR]: overflow test50
[2025-05-29T14:04:37+05:00] [ERROR]: overflow test51
[2025-05-29T14:04:37+05:00] [ERROR]: overflow test52
[2025-05-29T14:04:37+05:00] [ERROR]: overflow test53
[2025-05-29T14:04:37+05:00] [ERROR]: overflow test54
[2025-05-29T14:04:37+05:00] [ERROR]: overflow test55
[2025-05-29T14:04:37+05:00] [ERROR]: overflow test56
[2025-05-29T14:04:37+05:00] [ERROR]: overflow test57
[2025-05-29T14:04:37+05:00] [ERROR]: overflow test58
[2025-05-29T14:04:37+05:00] [ERROR]: overflow test59
[2025-05-29T14:04:37+05:00] [ERROR]: overflow test60
[2025-05-29T14:04:37+05:00] [ERROR]: overflow test61
[2025-05-29T14:04:37+05:00] [ERROR]: overflow test62
[2025-05-29T14:04:37+05:00] [ERROR]: overflow test63
[2025-05-29T14:04:37+05:00] [ERROR]: overflow test64
[2025-05-29T14:04:37+05:00] [ERROR]: overflow test65
[2025-05-29T14:04:37+05:00] [ERROR]: overflow test66
[2025-05-29T14:04:37+05:00] [ERROR]: overflow test67
[2025-05-29T14:04:37+05:00] [ERROR]: overflow test68
[2025-05-29T14:04:37+05:00] [ERROR]: overflow test69
[2025-05-29T14:04:37+05:00] [ERROR]: overflow test70
[2025-05-29T14:04:37+05:00] [ERROR]: overflow test71
[2025-05-29T14:04:37+05:00] [ERROR]: overflow test72
[2025-05-29T14:04:37+05:00] [ERROR]: overflow test73
[2025-05-29T14:04:37+05:00] [ERROR]: overflow test74
[2025-05-29T14:04:37+05:00] [ERROR]: overflow test75
[2025-05-29T14:04:37+05:00] [ERROR]: overflow test76
[2025-05-29T14:04:37+05:00] [ERROR]: overflow test77
[2025-05-29T14:04:37+05:00] [ERROR]: overflow test78
[2025-05-29T14:04:37+05:00] [ERROR]: overflow test79
[2025-05-29T14:04:37+05:00] [ERROR]: overflow test80
[2025-05-29T14:04:37+05:00] [ERROR]: overflow test81
[2025-05-29T14:04:37+05:00] [ERROR]: overflow test82
[2025-05-29T14:04:37+05:00] [ERROR]: overflow test83
[2025-05-29T14:04:37+05:00] [ERROR]: overflow test84
[2025-05-29T14:04:37+05:00] [ERROR]: overflow test85
[2025-05-29T14:04:37+05:00] [ERROR]: overflow test86
[2025-05-29T14:04:37+05:00] [ERROR]: overflow test87
[2025-05-29T14:04:37+05:00] [ERROR]: overflow test88
[2025-05-29T14:04:37+05:00] [ERROR]: overflow test89
[2025-05-29T14:04:37+05:00] [ERROR]: overflow test90
[2025-05-29T14:04:37+05:00] [ERROR]: overflow test91
[2025-05-29T14:04:37+05:00] [ERROR]: overflow test92
[2025-05-29T14:04:37+05:00] [ERROR]: overflow test93
[2025-05-29T14:04:37+05:00] [ERROR]: overflow test94
[2025-05-29T14:04:37+05:00] [ERROR]: overflow test95
[2025-05-29T14:04:37+05:00] [ERROR]: overflow test96
[2025-05-29T14:04:37+05:00] [ERROR]: overflow test97
[2025-05-29T14:04:37+05:00] [ERROR]: overflow test98
[2025-05-29T14:04:37+05:00] [ERROR]: overflow test99
[2025-05-29T14:04:37+05:00] [ERROR]: overflow test100
[2025-05-29T14:04:37+05:00] [ERROR]: overflow test101
[2025-05-29T14:04:37+05:00] [ERROR]: overflow test102
[2025-05-29T14:04:37+05:00] [ERROR]: overflow test103
[2025-05-29T14:04:37+05:00] [ERROR]: overflow test104
[2025-05-29T14:04:37+05:00] [ERROR]: overflow test105
[2025-05-29T14:04:37+05:00] [ERROR]: overflow test106
[2025-05-29T14:04:37+05:00] [ERROR]: overflow test107
[2025-05-29T14:04:45+05:00] [ERROR]: test error
[2025-05-29T14:04:45+05:00] [INFO]: test info
[2025-05-29T14:04:45+05:00] [WARN]: test warn
[2025-05-29T14:04:45+05:00] [ERROR]: overflow test0
[2025-05-29T14:04:45+05:00] [ERROR]: overflow test1
[2025-05-29T14:04:45+05:00] [ERROR]: overflow test2
[2025-05-29T14:04:45+05:00] [ERROR]: overflow test3
[2025-05-29T14:04:45+05:00] [ERROR]: overflow test4
[2025-05-29T14:04:45+05:00] [ERROR]: overflow test5
[2025-05-29T14:04:45+05:00] [ERROR]: overflow test6
[2025-05-29T14:04:45+05:00] [ERROR]: overflow test7
[2025-05-29T14:04:45+05:00] [ERROR]: overflow test8
[2025-05-29T14:04:45+05:00] [ERROR]: overflow test9
[2025-05-29T14:04:45+05:00] [ERROR]: overflow test10
[2025-05-29T14:04:45+05:00] [ERROR]: overflow test11
[2025-05-29T14:04:45+05:00] [ERROR]: overflow test12
[2025-05-29T14:04:45+05:00] [ERROR]: overflow test13
[2025-05-29T14:04:45+05:00] [ERROR]: overflow test14
[2025-05-29T14:04:45+05:00] [ERROR]: overflow test15
[2025-05-29T14:04:45+05:00] [ERROR]: overflow test16
[2025-05-29T14:04:45+05:00] [ERROR]: overflow test17
[2025-05-29T14:04:45+05:00] [ERROR]: overflow test18
[2025-05-29T14:04:45+05:00] [ERROR]: overflow test19
[2025-05-29T14:04:45+05:00] [ERROR]: overflow test20
[2025-05-29T14:04:45+05:00] [ERROR]: overflow test21
[2025-05-29T14:04:45+05:00] [ERROR]: overflow test22
[2025-05-29T14:04:45+05:00] [ERROR]: overflow test23
[2025-05-29T14:04:45+05:00] [ERROR]: overflow test24
[2025-05-29T14:04:45+05:00] [ERROR]: overflow test25
[2025-05-29T14:04:45+05:00] [ERROR]: overflow test26
[2025-05-29T14:04:45+05:00] [ERROR]: overflow test27
[2025-05-29T14:04:45+05:00] [ERROR]: overflow test28
[2025-05-29T14:04:45+05:00] [ERROR]: overflow test29
[2025-05-29T14:04:45+05:00] [ERROR]: overflow test30
[2025-05-29T14:04:45+05:00] [ERROR]: overflow test31
[2025-05-29T14:04:45+05:00] [ERROR]: overflow test32
[2025-05-29T14:04:45+05:00] [ERROR]: overflow test33
[2025-05-29T14:04:45+05:00] [ERROR]: overflow test34
[2025-05-29T14:04:45+05:00] [ERROR]: overflow test35
[2025-05-29T14:04:45+05:00] [ERROR]: overflow test36
[2025-05-29T14:04:45+05:00] [ERROR]: overflow test37
[2025-05-29T14:04:45+05:00] [ERROR]: overflow test38
[2025-05-29T14:04:45+05:00] [ERROR]: overflow test39
[2025-05-29T14:04:45+05:00] [ERROR]: overflow test40
[2025-05-29T14:04:45+05:00] [ERROR]: overflow test41
[2025-05-29T14:04:45+05:00] [ERROR]: overflow test42
[2025-05-29T14:04:45+05:00] [ERROR]: overflow test43
[2025-05-29T14:04:45+05:00] [ERROR]: overflow test44
[2025-05-29T14:04:45+05:00] [ERROR]: overflow test45
[2025-05-29T14:04:45+05:00] [ERROR]: overflow test46
[2025-05-29T14:04:45+05:00] [ERROR]: overflow test47
[2025-05-29T14:04:45+05:00] [ERROR]: overflow test48
[2025-05-29T14:04:45+05:00] [ERROR]: overflow test49
[2025-05-29T14:04:45+05:00] [ERROR]: overflow test50
[2025-05-29T14:04:45+05:00] [ERROR]: overflow test51
[2025-05-29T14:04:45+05:00] [ERROR]: overflow test52
[2025-05-29T14:04:45+05:00] [ERROR]: overflow test53
[2025-05-29T14:04:45+05:00] [ERROR]: overflow test54
[2025-05-29T14:04:45+05:00] [ERROR]: overflow test55
[2025-05-29T14:04:45+05:00] [ERROR]: overflow test56
[2025-05-29T14:04:45+05:00] [ERROR]: overflow test57
[2025-05-29T14:04:45+05:00] [ERROR]: overflow test58
[2025-05-29T14:04:45+05:00] [ERROR]: overflow test59
[2025-05-29T14:04:45+05:00] [ERROR]: overflow test60
[2025-05-29T14:04:45+05:00] [ERROR]: overflow test61
[2025-05-29T14:04:45+05:00] [ERROR]: overflow test62
[2025-05-29T14:04:45+05:00] [ERROR]: overflow test63
[2025-05-29T14:04:45+05:00] [ERROR]: overflow test64
[2025-05-29T14:04:45+05:00] [ERROR]: overflow test65
[2025-05-29T14:04:45+05:00] [ERROR]: overflow test66
[2025-05-29T14:04:45+05:00] [ERROR]: overflow test67
[2025-05-29T14:04:45+05:00] [ERROR]: overflow test68
[2025-05-29T14:04:45+05:00] [ERROR]: overflow test69
[2025-05-29T14:04:45+05:00] [ERROR]: overflow test70
[2025-05-29T14:04:45+05:00] [ERROR]: overflow test71
[2025-05-29T14:04:45+05:00] [ERROR]: overflow test72
[2025-05-29T14:04:45+05:00] [ERROR]: overflow test73
[2025-05-29T14:04:45+05:00] [ERROR]: overflow test74
[2025-05-29T14:04:45+05:00] [ERROR]: overflow test75
[2025-05-29T14:04:45+05:00] [ERROR]: overflow test76
[2025-05-29T14:04:45+05:00] [ERROR]: overflow test77
[2025-05-29T14:04:45+05:00] [ERROR]: overflow test78
[2025-05-29T14:04:45+05:00] [ERROR]: overflow test79
[2025-05-29T14:04:45+05:00] [ERROR]: overflow test80
[2025-05-29T14:04:45+05:00] [ERROR]: overflow test81
[2025-05-29T14:04:45+05:00] [ERROR]: overflow test82
[2025-05-29T14:04:45+05:00] [ERROR]: overflow test83
[2025-05-29T14:04:45+05:00] [ERROR]: overflow test84
[2025-05-29T14:04:45+05:00] [ERROR]: overflow test85
[2025-05-29T14:04:45+05:00] [ERROR]: overflow test86
[2025-05-29T14:04:45+05:00] [ERROR]: overflow test87
[2025-05-29T14:04:45+05:00] [ERROR]: overflow test88
[2025-05-29T14:04:45+05:00] [ERROR]: overflow test89
[2025-05-29T14:04:45+05:00] [ERROR]: overflow test90
[2025-05-29T14:04:45+05:00] [ERROR]: overflow test91
[2025-05-29T14:04:45+05:00] [ERROR]: overflow test92
[2025-05-29T14:04:45+05:00] [ERROR]: overflow test93
[2025-05-29T14:04:45+05:00] [ERROR]: overflow test94
[2025-05-29T14:04:45+05:00] [ERROR]: overflow test95
[2025-05-29T14:04:45+05:00] [ERROR]: overflow test96
[2025-05-29T14:04:45+05:00] [ERROR]: overflow test97
[2025-05-29T14:04:45+05:00] [ERROR]: overflow test98
[2025-05-29T14:04:45+05:00] [ERROR]: overflow test99
[2025-05-29T14:04:45+05:00] [ERROR]: overflow test100
[2025-05-29T14:04:45+05:00] [ERROR]: overflow test101
[2025-05-29T14:04:45+05:00] [ERROR]: overflow test102
[2025-05-29T14:04:45+05:00] [ERROR]: overflow test103
[2025-05-29T14:04:45+05:00] [ERROR]: overflow test104
[2025-05-29T14:04:45+05:00] [ERROR]: overflow test105
[2025-05-29T14:04:45+05:00] [ERROR]: overflow test106
[2025-05-29T14:04:45+05:00] [ERROR]: overflow test107
[2025-05-29T14:04:45+05:00] [ERROR]: overflow test108
[2025-05-29T14:04:45+05:00] [ERROR]: overflow test109
[2025-05-29T14:04:45+05:00] [INFO]: test info message
[2025-05-29T14:14:30+05:00] [ERROR]: test error
[2025-05-29T14:14:30+05:00] [INFO]: test info
[2025-05-29T14:14:30+05:00] [WARN]: test warn
[2025-05-29T14:14:30+05:00] [ERROR]: overflow test0
[2025-05-29T14:14:30+05:00] [ERROR]: overflow test1
[2025-05-29T14:14:30+05:00] [ERROR]: overflow test2
[2025-05-29T14:14:30+05:00] [ERROR]: overflow test3
[2025-05-29T14:14:30+05:00] [ERROR]: overflow test4
[2025-05-29T14:14:30+05:00] [ERROR]: overflow test5
[2025-05-29T14:14:30+05:00] [ERROR]: overflow test6
[2025-05-29T14:14:30+05:00] [ERROR]: overflow test7
[2025-05-29T14:14:30+05:00] [ERROR]: overflow test8
[2025-05-29T14:14:30+05:00] [ERROR]: overflow test9
[2025-05-29T14:14:30+05:00] [ERROR]: overflow test10
[2025-05-29T14:14:30+05:00] [ERROR]: overflow test11
[2025-05-29T14:14:30+05:00] [ERROR]: overflow test12
[2025-05-29T14:14:30+05:00] [ERROR]: overflow test13
[2025-05-29T14:14:30+05:00] [ERROR]: overflow test14
[2025-05-29T14:14:30+05:00] [ERROR]: overflow test15
[2025-05-29T14:14:30+05:00] [ERROR]: overflow test16
[2025-05-29T14:14:30+05:00] [ERROR]: overflow test17
[2025-05-29T14:14:30+05:00] [ERROR]: overflow test18
[2025-05-29T14:14:30+05:00] [ERROR]: overflow test19
[2025-05-29T14:14:30+05:00] [ERROR]: overflow test20
[2025-05-29T14:14:30+05:00] [ERROR]: overflow test21
[2025-05-29T14:14:30+05:00] [ERROR]: overflow test22
[2025-05-29T14:14:30+05:00] [ERROR]: overflow test23
[2025-05-29T14:14:30+05:00] [ERROR]: overflow test24
[2025-05-29T14:14:30+05:00] [ERROR]: overflow test25
[2025-05-29T14:14:30+05:00] [ERROR]: overflow test26
[2025-05-29T14:14:30+05:00] [ERROR]: overflow test27
[2025-05-29T14:14:30+05:00] [ERROR]: overflow test28
[2025-05-29T14:14:30+05:00] [ERROR]: overflow test29
[2025-05-29T14:14:30+05:00] [ERROR]: overflow test30
[2025-05-29T14:14:30+05:00] [ERROR]: overflow test31
[2025-05-29T14:14:30+05:00] [ERROR]: overflow test32
[2025-05-29T14:14:30+05:00] [ERROR]: overflow test33
[2025-05-29T14:14:30+05:00] [ERROR]: overflow test34
[2025-05-29T14:14:30+05:00] [ERROR]: overflow test35
[2025-05-29T14:14:30+05:00] [ERROR]: overflow test36
[2025-05-29T14:14:30+05:00] [ERROR]: overflow test37
[2025-05-29T14:14:30+05:00] [ERROR]: overflow test38
[2025-05-29T14:14:30+05:00] [ERROR]: overflow test39
[2025-05-29T14:14:30+05:00] [ERROR]: overflow test40
[2025-05-29T14:14:30+05:00] [ERROR]: overflow test41
[2025-05-29T14:14:30+05:00] [ERROR]: overflow test42
[2025-05-29T14:14:30+05:00] [ERROR]: overflow test43
[2025-05-29T14:14:30+05:00] [ERROR]: overflow test44
[2025-05-29T14:14:30+05:00] [ERROR]: overflow test45
[2025-05-29T14:14:30+05:00] [ERROR]: overflow test46
[2025-05-29T14:14:30+05:00] [ERROR]: overflow test47
[2025-05-29T14:14:30+05:00] [ERROR]: overflow test48
[2025-05-29T14:14:30+05:00] [ERROR]: overflow test49
[2025-05-29T14:14:30+05:00] [ERROR]: overflow test50
[2025-05-29T14:14:30+05:00] [ERROR]: overflow test51
[2025-05-29T14:14:30+05:00] [ERROR]: overflow test52
[2025-05-29T14:14:30+05:00] [ERROR]: overflow test53
[2025-05-29T14:14:30+05:00] [ERROR]: overflow test54
[2025-05-29T14:14:30+05:00] [ERROR]: overflow test55
[2025-05-29T14:14:30+05:00] [ERROR]: overflow test56
[2025-05-29T14:14:30+05:00] [ERROR]: overflow test57
[2025-05-29T14:14:30+05:00] [ERROR]: overflow test58
[2025-05-29T14:14:30+05:00] [ERROR]: overflow test59
[2025-05-29T14:14:30+05:00] [ERROR]: overflow test60
[2025-05-29T14:14:30+05:00] [ERROR]: overflow test61
[2025-05-29T14:14:30+05:00] [ERROR]: overflow test62
[2025-05-29T14:14:30+05:00] [ERROR]: overflow test63
[2025-05-29T14:14:30+05:00] [ERROR]: overflow test64
[2025-05-29T14:14:30+05:00] [ERROR]: overflow test65
[2025-05-29T14:14:30+05:00] [ERROR]: overflow test66
[2025-05-29T14:14:30+05:00] [ERROR]: overflow test67
[2025-05-29T14:14:30+05:00] [ERROR]: overflow test68
[2025-05-29T14:14:30+05:00] [ERROR]: overflow test69
[2025-05-29T14:14:30+05:00] [ERROR]: overflow test70
[2025-05-29T14:14:30+05:00] [ERROR]: overflow test71
[2025-05-29T14:14:30+05:00] [ERROR]: overflow test72
[2025-05-29T14:14:30+05:00] [ERROR]: overflow test73
[2025-05-29T14:14:30+05:00] [ERROR]: overflow test74
[2025-05-29T14:14:30+05:00] [ERROR]: overflow test75
[2025-05-29T14:14:30+05:00] [ERROR]: overflow test76
[2025-05-29T14:14:30+05:00] [ERROR]: overflow test77
[2025-05-29T14:14:30+05:00] [ERROR]: overflow test78
[2025-05-29T14:14:30+05:00] [ERROR]: overflow test79
[2025-05-29T14:14:30+05:00] [ERROR]: overflow test80
[2025-05-29T14:14:30+05:00] [ERROR]: overflow test81
[2025-05-29T14:14:30+05:00] [ERROR]: overflow test82
[2025-05-29T14:14:30+05:00] [ERROR]: overflow test83
[2025-05-29T14:14:30+05:00] [ERROR]: overflow test84
[2025-05-29T14:14:30+05:00] [ERROR]: overflow test85
[2025-05-29T14:14:30+05:00] [ERROR]: overflow test86
[2025-05-29T14:14:30+05:00] [ERROR]: overflow test87
[2025-05-29T14:14:30+05:00] [ERROR]: overflow test88
[2025-05-29T14:14:30+05:00] [ERROR]: overflow test89
[2025-05-29T14:14:30+05:00] [ERROR]: overflow test90
[2025-05-29T14:14:30+05:00] [ERROR]: overflow test91
[2025-05-29T14:14:30+05:00] [ERROR]: overflow test92
[2025-05-29T14:14:30+05:00] [ERROR]: overflow test93
[2025-05-29T14:14:30+05:00] [ERROR]: overflow test94
[2025-05-29T14:14:30+05:00] [ERROR]: overflow test95
[2025-05-29T14:14:30+05:00] [ERROR]: overflow test96
[2025-05-29T14:14:30+05:00] [ERROR]: overflow test97
[2025-05-29T14:14:30+05:00] [ERROR]: overflow test98
[2025-05-29T14:14:30+05:00] [ERROR]: overflow test99
[2025-05-29T14:14:30+05:00] [ERROR]: overflow test100
[2025-05-29T14:14:30+05:00] [ERROR]: overflow test101
[2025-05-29T14:14:30+05:00] [ERROR]: overflow test102
[2025-05-29T14:14:30+05:00] [ERROR]: overflow test103
[2025-05-29T14:14:30+05:00] [ERROR]: overflow test104
[2025-05-29T14:14:30+05:00] [ERROR]: overflow test105
[2025-05-29T14:14:30+05:00] [ERROR]: overflow test106
[2025-05-29T14:14:30+05:00] [ERROR]: overflow test107
[2025-05-29T14:14:30+05:00] [ERROR]: overflow test108
[2025-05-29T14:14:30+05:00] [ERROR]: overflow test109
[2025-05-29T14:14:30+05:00] [INFO]: test info message
[2025-05-29T14:17:33+05:00] [ERROR]: test error
[2025-05-29T14:17:33+05:00] [INFO]: test info
[2025-05-29T14:17:33+05:00] [WARN]: test warn
[2025-05-29T14:17:33+05:00] [ERROR]: overflow test0
[2025-05-29T14:17:33+05:00] [ERROR]: overflow test1
[2025-05-29T14:17:33+05:00] [ERROR]: overflow test2
[2025-05-29T14:17:33+05:00] [ERROR]: overflow test3
[2025-05-29T14:17:33+05:00] [ERROR]: overflow test4
[2025-05-29T14:17:33+05:00] [ERROR]: overflow test5
[2025-05-29T14:17:33+05:00] [ERROR]: overflow test6
[2025-05-29T14:17:33+05:00] [ERROR]: overflow test7
[2025-05-29T14:17:33+05:00] [ERROR]: overflow test8
[2025-05-29T14:17:33+05:00] [ERROR]: overflow test9
[2025-05-29T14:17:33+05:00] [ERROR]: overflow test10
[2025-05-29T14:17:33+05:00] [ERROR]: overflow test11
[2025-05-29T14:17:33+05:00] [ERROR]: overflow test12
[2025-05-29T14:17:33+05:00] [ERROR]: overflow test13
[2025-05-29T14:17:33+05:00] [ERROR]: overflow test14
[2025-05-29T14:17:33+05:00] [ERROR]: overflow test15
[2025-05-29T14:17:33+05:00] [ERROR]: overflow test16
[2025-05-29T14:17:33+05:00] [ERROR]: overflow test17
[2025-05-29T14:17:33+05:00] [ERROR]: overflow test18
[2025-05-29T14:17:33+05:00] [ERROR]: overflow test19
[2025-05-29T14:17:33+05:00] [ERROR]: overflow test20
[2025-05-29T14:17:33+05:00] [ERROR]: overflow test21
[2025-05-29T14:17:33+05:00] [ERROR]: overflow test22
[2025-05-29T14:17:33+05:00] [ERROR]: overflow test23
[2025-05-29T14:17:33+05:00] [ERROR]: overflow test24
[2025-05-29T14:17:33+05:00] [ERROR]: overflow test25
[2025-05-29T14:17:33+05:00] [ERROR]: overflow test26
[2025-05-29T14:17:33+05:00] [ERROR]: overflow test27
[2025-05-29T14:17:33+05:00] [ERROR]: overflow test28
[2025-05-29T14:17:33+05:00] [ERROR]: overflow test29
[2025-05-29T14:17:33+05:00] [ERROR]: overflow test30
[2025-05-29T14:17:33+05:00] [ERROR]: overflow test31
[2025-05-29T14:17:33+05:00] [ERROR]: overflow test32
[2025-05-29T14:17:33+05:00] [ERROR]: overflow test33
[2025-05-29T14:17:33+05:00] [ERROR]: overflow test34
[2025-05-29T14:17:33+05:00] [ERROR]: overflow test35
[2025-05-29T14:17:33+05:00] [ERROR]: overflow test36
[2025-05-29T14:17:33+05:00] [ERROR]: overflow test37
[2025-05-29T14:17:33+05:00] [ERROR]: overflow test38
[2025-05-29T14:17:33+05:00] [ERROR]: overflow test39
[2025-05-29T14:17:33+05:00] [ERROR]: overflow test40
[2025-05-29T14:17:33+05:00] [ERROR]: overflow test41
[2025-05-29T14:17:33+05:00] [ERROR]: overflow test42
[2025-05-29T14:17:33+05:00] [ERROR]: overflow test43
[2025-05-29T14:17:33+05:00] [ERROR]: overflow test44
[2025-05-29T14:17:33+05:00] [ERROR]: overflow test45
[2025-05-29T14:17:33+05:00] [ERROR]: overflow test46
[2025-05-29T14:17:33+05:00] [ERROR]: overflow test47
[2025-05-29T14:17:33+05:00] [ERROR]: overflow test48
[2025-05-29T14:17:33+05:00] [ERROR]: overflow test49
[2025-05-29T14:17:33+05:00] [ERROR]: overflow test50
[2025-05-29T14:17:33+05:00] [ERROR]: overflow test51
[2025-05-29T14:17:33+05:00] [ERROR]: overflow test52
[2025-05-29T14:17:33+05:00] [ERROR]: overflow test53
[2025-05-29T14:17:33+05:00] [ERROR]: overflow test54
[2025-05-29T14:17:33+05:00] [ERROR]: overflow test55
[2025-05-29T14:17:33+05:00] [ERROR]: overflow test56
[2025-05-29T14:17:33+05:00] [ERROR]: overflow test57
[2025-05-29T14:17:33+05:00] [ERROR]: overflow test58
[2025-05-29T14:17:33+05:00] [ERROR]: overflow test59
[2025-05-29T14:17:33+05:00] [ERROR]: overflow test60
[2025-05-29T14:17:33+05:00] [ERROR]: overflow test61
[2025-05-29T14:17:33+05:00] [ERROR]: overflow test62
[2025-05-29T14:17:33+05:00] [ERROR]: overflow test63
[2025-05-29T14:17:33+05:00] [ERROR]: overflow test64
[2025-05-29T14:17:33+05:00] [ERROR]: overflow test65
[2025-05-29T14:17:33+05:00] [ERROR]: overflow test66
[2025-05-29T14:17:33+05:00] [ERROR]: overflow test67
[2025-05-29T14:17:33+05:00] [ERROR]: overflow test68
[2025-05-29T14:17:33+05:00] [ERROR]: overflow test69
[2025-05-29T14:17:33+05:00] [ERROR]: overflow test70
[2025-05-29T14:17:33+05:00] [ERROR]: overflow test71
[2025-05-29T14:17:33+05:00] [ERROR]: overflow test72
[2025-05-29T14:17:33+05:00] [ERROR]: overflow test73
[2025-05-29T14:17:33+05:00] [ERROR]: overflow test74
[2025-05-29T14:17:33+05:00] [ERROR]: overflow test75
[2025-05-29T14:17:33+05:00] [ERROR]: overflow test76
[2025-05-29T14:17:33+05:00] [ERROR]: overflow test77
[2025-05-29T14:17:33+05:00] [ERROR]: overflow test78
[2025-05-29T14:17:33+05:00] [ERROR]: overflow test79
[2025-05-29T14:17:33+05:00] [ERROR]: overflow test80
[2025-05-29T14:17:33+05:00] [ERROR]: overflow test81
[2025-05-29T14:17:33+05:00] [ERROR]: overflow test82
[2025-05-29T14:17:33+05:00] [ERROR]: overflow test83
[2025-05-29T14:17:33+05:00] [ERROR]: overflow test84
[2025-05-29T14:17:33+05:00] [ERROR]: overflow test85
[2025-05-29T14:17:33+05:00] [ERROR]: overflow test86
[2025-05-29T14:17:33+05:00] [ERROR]: overflow test87
[2025-05-29T14:17:33+05:00] [ERROR]: overflow test88
[2025-05-29T14:17:33+05:00] [ERROR]: overflow test89
[2025-05-29T14:17:33+05:00] [ERROR]: overflow test90
[2025-05-29T14:17:33+05:00] [ERROR]: overflow test91
[2025-05-29T14:17:33+05:00] [ERROR]: overflow test92
[2025-05-29T14:17:33+05:00] [ERROR]: overflow test93
[2025-05-29T14:17:33+05:00] [ERROR]: overflow test94
[2025-05-29T14:17:33+05:00] [ERROR]: overflow test95
[2025-05-29T14:17:33+05:00] [ERROR]: overflow test96
[2025-05-29T14:17:33+05:00] [ERROR]: overflow test97
[2025-05-29T14:17:33+05:00] [ERROR]: overflow test98
[2025-05-29T14:17:33+05:00] [ERROR]: overflow test99
[2025-05-29T14:17:33+05:00] [ERROR]: overflow test100
[2025-05-29T14:17:33+05:00] [ERROR]: overflow test101
[2025-05-29T14:17:33+05:00] [ERROR]: overflow test102
[2025-05-29T14:17:33+05:00] [ERROR]: overflow test103
[2025-05-29T14:17:33+05:00] [ERROR]: overflow test104
[2025-05-29T14:17:33+05:00] [ERROR]: overflow test105
[2025-05-29T14:17:33+05:00] [ERROR]: overflow test106
[2025-05-29T14:17:33+05:00] [ERROR]: overflow test107
[2025-05-29T14:17:33+05:00] [ERROR]: overflow test108
[2025-05-29T14:17:33+05:00] [ERROR]: overflow test109
[2025-05-29T14:17:33+05:00] [INFO]: test info message
[2025-05-29T14:22:03+05:00] [ERROR]: test error
[2025-05-29T14:22:03+05:00] [INFO]: test info
[2025-05-29T14:22:03+05:00] [WARN]: test warn
[2025-05-29T14:22:03+05:00] [ERROR]: overflow test0
[2025-05-29T14:22:03+05:00] [ERROR]: overflow test1
[2025-05-29T14:22:03+05:00] [ERROR]: overflow test2
[2025-05-29T14:22:03+05:00] [ERROR]: overflow test3
[2025-05-29T14:22:03+05:00] [ERROR]: overflow test4
[2025-05-29T14:22:03+05:00] [ERROR]: overflow test5
[2025-05-29T14:22:03+05:00] [ERROR]: overflow test6
[2025-05-29T14:22:03+05:00] [ERROR]: overflow test7
[2025-05-29T14:22:03+05:00] [ERROR]: overflow test8
[2025-05-29T14:22:03+05:00] [ERROR]: overflow test9
[2025-05-29T14:22:03+05:00] [ERROR]: overflow test10
[2025-05-29T14:22:03+05:00] [ERROR]: overflow test11
[2025-05-29T14:22:03+05:00] [ERROR]: overflow test12
[2025-05-29T14:22:03+05:00] [ERROR]: overflow test13
[2025-05-29T14:22:03+05:00] [ERROR]: overflow test14
[2025-05-29T14:22:03+05:00] [ERROR]: overflow test15
[2025-05-29T14:22:03+05:00] [ERROR]: overflow test16
[2025-05-29T14:22:03+05:00] [ERROR]: overflow test17
[2025-05-29T14:22:03+05:00] [ERROR]: overflow test18
[2025-05-29T14:22:03+05:00] [ERROR]: overflow test19
[2025-05-29T14:22:03+05:00] [ERROR]: overflow test20
[2025-05-29T14:22:03+05:00] [ERROR]: overflow test21
[2025-05-29T14:22:03+05:00] [ERROR]: overflow test22
[2025-05-29T14:22:03+05:00] [ERROR]: overflow test23
[2025-05-29T14:22:03+05:00] [ERROR]: overflow test24
[2025-05-29T14:22:03+05:00] [ERROR]: overflow test25
[2025-05-29T14:22:03+05:00] [ERROR]: overflow test26
[2025-05-29T14:22:03+05:00] [ERROR]: overflow test27
[2025-05-29T14:22:03+05:00] [ERROR]: overflow test28
[2025-05-29T14:22:03+05:00] [ERROR]: overflow test29
[2025-05-29T14:22:03+05:00] [ERROR]: overflow test30
[2025-05-29T14:22:03+05:00] [ERROR]: overflow test31
[2025-05-29T14:22:03+05:00] [ERROR]: overflow test32
[2025-05-29T14:22:03+05:00] [ERROR]: overflow test33
[2025-05-29T14:22:03+05:00] [ERROR]: overflow test34
[2025-05-29T14:22:03+05:00] [ERROR]: overflow test35
[2025-05-29T14:22:03+05:00] [ERROR]: overflow test36
[2025-05-29T14:22:03+05:00] [ERROR]: overflow test37
[2025-05-29T14:22:03+05:00] [ERROR]: overflow test38
[2025-05-29T14:22:03+05:00] [ERROR]: overflow test39
[2025-05-29T14:22:03+05:00] [ERROR]: overflow test40
[2025-05-29T14:22:03+05:00] [ERROR]: overflow test41
[2025-05-29T14:22:03+05:00] [ERROR]: overflow test42
[2025-05-29T14:22:03+05:00] [ERROR]: overflow test43
[2025-05-29T14:22:03+05:00] [ERROR]: overflow test44
[2025-05-29T14:22:03+05:00] [ERROR]: overflow test45
[2025-05-29T14:22:03+05:00] [ERROR]: overflow test46
[2025-05-29T14:22:03+05:00] [ERROR]: overflow test47
[2025-05-29T14:22:03+05:00] [ERROR]: overflow test48
[2025-05-29T14:22:03+05:00] [ERROR]: overflow test49
[2025-05-29T14:22:03+05:00] [ERROR]: overflow test50
[2025-05-29T14:22:03+05:00] [ERROR]: overflow test51
[2025-05-29T14:22:03+05:00] [ERROR]: overflow test52
[2025-05-29T14:22:03+05:00] [ERROR]: overflow test53
[2025-05-29T14:22:03+05:00] [ERROR]: overflow test54
[2025-05-29T14:22:03+05:00] [ERROR]: overflow test55
[2025-05-29T14:22:03+05:00] [ERROR]: overflow test56
[2025-05-29T14:22:03+05:00] [ERROR]: overflow test57
[2025-05-29T14:22:03+05:00] [ERROR]: overflow test58
[2025-05-29T14:22:03+05:00] [ERROR]: overflow test59
[2025-05-29T14:22:03+05:00] [ERROR]: overflow test60
[2025-05-29T14:22:03+05:00] [ERROR]: overflow test61
[2025-05-29T14:22:03+05:00] [ERROR]: overflow test62
[2025-05-29T14:22:03+05:00] [ERROR]: overflow test63
[2025-05-29T14:22:03+05:00] [ERROR]: overflow test64
[2025-05-29T14:22:03+05:00] [ERROR]: overflow test65
[2025-05-29T14:22:03+05:00] [ERROR]: overflow test66
[2025-05-29T14:22:03+05:00] [ERROR]: overflow test67
[2025-05-29T14:22:03+05:00] [ERROR]: overflow test68
[2025-05-29T14:22:03+05:00] [ERROR]: overflow test69
[2025-05-29T14:22:03+05:00] [ERROR]: overflow test70
[2025-05-29T14:22:03+05:00] [ERROR]: overflow test71
[2025-05-29T14:22:03+05:00] [ERROR]: overflow test72
[2025-05-29T14:22:03+05:00] [ERROR]: overflow test73
[2025-05-29T14:22:03+05:00] [ERROR]: overflow test74
[2025-05-29T14:22:03+05:00] [ERROR]: overflow test75
[2025-05-29T14:22:03+05:00] [ERROR]: overflow test76
[2025-05-29T14:22:03+05:00] [ERROR]: overflow test77
[2025-05-29T14:22:03+05:00] [ERROR]: overflow test78
[2025-05-29T14:22:03+05:00] [ERROR]: overflow test79
[2025-05-29T14:22:03+05:00] [ERROR]: overflow test80
[2025-05-29T14:22:03+05:00] [ERROR]: overflow test81
[2025-05-29T14:22:03+05:00] [ERROR]: overflow test82
[2025-05-29T14:22:03+05:00] [ERROR]: overflow test83
[2025-05-29T14:22:03+05:00] [ERROR]: overflow test84
[2025-05-29T14:22:03+05:00] [ERROR]: overflow test85
[2025-05-29T14:22:03+05:00] [ERROR]: overflow test86
[2025-05-29T14:22:03+05:00] [ERROR]: overflow test87
[2025-05-29T14:22:03+05:00] [ERROR]: overflow test88
[2025-05-29T14:22:03+05:00] [ERROR]: overflow test89
[2025-05-29T14:22:03+05:00] [ERROR]: overflow test90
[2025-05-29T14:22:03+05:00] [ERROR]: overflow test91
[2025-05-29T14:22:03+05:00] [ERROR]: overflow test92
[2025-05-29T14:22:03+05:00] [ERROR]: overflow test93
[2025-05-29T14:22:03+05:00] [ERROR]: overflow test94
[2025-05-29T14:22:03+05:00] [ERROR]: overflow test95
[2025-05-29T14:22:03+05:00] [ERROR]: overflow test96
[2025-05-29T14:22:03+05:00] [ERROR]: overflow test97
[2025-05-29T14:22:03+05:00] [ERROR]: overflow test98
[2025-05-29T14:22:03+05:00] [ERROR]: overflow test99
[2025-05-29T14:22:03+05:00] [ERROR]: overflow test100
[2025-05-29T14:22:03+05:00] [ERROR]: overflow test101
[2025-05-29T14:22:03+05:00] [ERROR]: overflow test102
[2025-05-29T14:22:03+05:00] [ERROR]: overflow test103
[2025-05-29T14:22:03+05:00] [ERROR]: overflow test104
[2025-05-29T14:22:03+05:00] [ERROR]: overflow test105
[2025-05-29T14:22:03+05:00] [ERROR]: overflow test106
[2025-05-29T14:22:03+05:00] [ERROR]: overflow test107
[2025-05-29T14:22:03+05:00] [ERROR]: overflow test108
[2025-05-29T14:22:03+05:00] [ERROR]: overflow test109
[2025-05-29T14:22:03+05:00] [INFO]: test info message
[2025-05-29T14:30:41+05:00] [ERROR]: test error
[2025-05-29T14:30:41+05:00] [INFO]: test info
[2025-05-29T14:30:41+05:00] [WARN]: test warn
[2025-05-29T14:30:41+05:00] [ERROR]: overflow test0
[2025-05-29T14:30:41+05:00] [ERROR]: overflow test1
[2025-05-29T14:30:41+05:00] [ERROR]: overflow test2
[2025-05-29T14:30:41+05:00] [ERROR]: overflow test3
[2025-05-29T14:30:41+05:00] [ERROR]: overflow test4
[2025-05-29T14:30:41+05:00] [ERROR]: overflow test5
[2025-05-29T14:30:41+05:00] [ERROR]: overflow test6
[2025-05-29T14:30:41+05:00] [ERROR]: overflow test7
[2025-05-29T14:30:41+05:00] [ERROR]: overflow test8
[2025-05-29T14:30:41+05:00] [ERROR]: overflow test9
[2025-05-29T14:30:41+05:00] [ERROR]: overflow test10
[2025-05-29T14:30:41+05:00] [ERROR]: overflow test11
[2025-05-29T14:30:41+05:00] [ERROR]: overflow test12
[2025-05-29T14:30:41+05:00] [ERROR]: overflow test13
[2025-05-29T14:30:41+05:00] [ERROR]: overflow test14
[2025-05-29T14:30:41+05:00] [ERROR]: overflow test15
[2025-05-29T14:30:41+05:00] [ERROR]: overflow test16
[2025-05-29T14:30:41+05:00] [ERROR]: overflow test17
[2025-05-29T14:30:41+05:00] [ERROR]: overflow test18
[2025-05-29T14:30:41+05:00] [ERROR]: overflow test19
[2025-05-29T14:30:41+05:00] [ERROR]: overflow test20
[2025-05-29T14:30:41+05:00] [ERROR]: overflow test21
[2025-05-29T14:30:41+05:00] [ERROR]: overflow test22
[2025-05-29T14:30:41+05:00] [ERROR]: overflow test23
[2025-05-29T14:30:41+05:00] [ERROR]: overflow test24
[2025-05-29T14:30:41+05:00] [ERROR]: overflow test25
[2025-05-29T14:30:41+05:00] [ERROR]: overflow test26
[2025-05-29T14:30:41+05:00] [ERROR]: overflow test27
[2025-05-29T14:30:41+05:00] [ERROR]: overflow test28
[2025-05-29T14:30:41+05:00] [ERROR]: overflow test29
[2025-05-29T14:30:41+05:00] [ERROR]: overflow test30
[2025-05-29T14:30:41+05:00] [ERROR]: overflow test31
[2025-05-29T14:30:41+05:00] [ERROR]: overflow test32
[2025-05-29T14:30:41+05:00] [ERROR]: overflow test33
[2025-05-29T14:30:41+05:00] [ERROR]: overflow test34
[2025-05-29T14:30:41+05:00] [ERROR]: overflow test35
[2025-05-29T14:30:41+05:00] [ERROR]: overflow test36
[2025-05-29T14:30:41+05:00] [ERROR]: overflow test37
[2025-05-29T14:30:41+05:00] [ERROR]: overflow test38
[2025-05-29T14:30:41+05:00] [ERROR]: overflow test39
[2025-05-29T14:30:41+05:00] [ERROR]: overflow test40
[2025-05-29T14:30:41+05:00] [ERROR]: overflow test41
[2025-05-29T14:30:41+05:00] [ERROR]: overflow test42
[2025-05-29T14:30:41+05:00] [ERROR]: overflow test43
[2025-05-29T14:30:41+05:00] [ERROR]: overflow test44
[2025-05-29T14:30:41+05:00] [ERROR]: overflow test45
[2025-05-29T14:30:41+05:00] [ERROR]: overflow test46
[2025-05-29T14:30:41+05:00] [ERROR]: overflow test47
[2025-05-29T14:30:41+05:00] [ERROR]: overflow test48
[2025-05-29T14:30:41+05:00] [ERROR]: overflow test49
[2025-05-29T14:30:41+05:00] [ERROR]: overflow test50
[2025-05-29T14:30:41+05:00] [ERROR]: overflow test51
[2025-05-29T14:30:41+05:00] [ERROR]: overflow test52
[2025-05-29T14:30:41+05:00] [ERROR]: overflow test53
[2025-05-29T14:30:41+05:00] [ERROR]: overflow test54
[2025-05-29T14:30:41+05:00] [ERROR]: overflow test55
[2025-05-29T14:30:41+05:00] [ERROR]: overflow test56
[2025-05-29T14:30:41+05:00] [ERROR]: overflow test57
[2025-05-29T14:30:41+05:00] [ERROR]: overflow test58
[2025-05-29T14:30:41+05:00] [ERROR]: overflow test59
[2025-05-29T14:30:41+05:00] [ERROR]: overflow test60
[2025-05-29T14:30:41+05:00] [ERROR]: overflow test61
[2025-05-29T14:30:41+05:00] [ERROR]: overflow test62
[2025-05-29T14:30:41+05:00] [ERROR]: overflow test63
[2025-05-29T14:30:41+05:00] [ERROR]: overflow test64
[2025-05-29T14:30:41+05:00] [ERROR]: overflow test65
[2025-05-29T14:30:41+05:00] [ERROR]: overflow test66
[2025-05-29T14:30:41+05:00] [ERROR]: overflow test67
[2025-05-29T14:30:41+05:00] [ERROR]: overflow test68
[2025-05-29T14:30:41+05:00] [ERROR]: overflow test69
[2025-05-29T14:30:41+05:00] [ERROR]: overflow test70
[2025-05-29T14:30:41+05:00] [ERROR]: overflow test71
[2025-05-29T14:30:41+05:00] [ERROR]: overflow test72
[2025-05-29T14:30:41+05:00] [ERROR]: overflow test73
[2025-05-29T14:30:41+05:00] [ERROR]: overflow test74
[2025-05-29T14:30:41+05:00] [ERROR]: overflow test75
[2025-05-29T14:30:41+05:00] [ERROR]: overflow test76
[2025-05-29T14:30:41+05:00] [ERROR]: overflow test77
[2025-05-29T14:30:41+05:00] [ERROR]: overflow test78
[2025-05-29T14:30:41+05:00] [ERROR]: overflow test79
[2025-05-29T14:30:41+05:00] [ERROR]: overflow test80
[2025-05-29T14:30:41+05:00] [ERROR]: overflow test81
[2025-05-29T14:30:41+05:00] [ERROR]: overflow test82
[2025-05-29T14:30:41+05:00] [ERROR]: overflow test83
[2025-05-29T14:30:41+05:00] [ERROR]: overflow test84
[2025-05-29T14:30:41+05:00] [ERROR]: overflow test85
[2025-05-29T14:30:41+05:00] [ERROR]: overflow test86
[2025-05-29T14:30:41+05:00] [ERROR]: overflow test87
[2025-05-29T14:30:41+05:00] [ERROR]: overflow test88
[2025-05-29T14:30:41+05:00] [ERROR]: overflow test89
[2025-05-29T14:30:41+05:00] [ERROR]: overflow test90
[2025-05-29T14:30:41+05:00] [ERROR]: overflow test91
[2025-05-29T14:30:41+05:00] [ERROR]: overflow test92
[2025-05-29T14:30:41+05:00] [ERROR]: overflow test93
[2025-05-29T14:30:41+05:00] [ERROR]: overflow test94
[2025-05-29T14:30:41+05:00] [ERROR]: overflow test95
[2025-05-29T14:30:41+05:00] [ERROR]: overflow test96
[2025-05-29T14:30:41+05:00] [ERROR]: overflow test97
[2025-05-29T14:30:41+05:00] [ERROR]: overflow test98
[2025-05-29T14:30:41+05:00] [ERROR]: overflow test99
[2025-05-29T14:30:41+05:00] [ERROR]: overflow test100
[2025-05-29T14:30:41+05:00] [ERROR]: overflow test101
[2025-05-29T14:30:41+05:00] [ERROR]: overflow test102
[2025-05-29T14:30:41+05:00] [ERROR]: overflow test103
[2025-05-29T14:30:41+05:00] [ERROR]: overflow test104
[2025-05-29T14:30:41+05:00] [ERROR]: overflow test105
[2025-05-29T14:30:41+05:00] [ERROR]: overflow test106
[2025-05-29T14:30:41+05:00] [ERROR]: overflow test107
[2025-05-29T14:30:41+05:00] [ERROR]: overflow test108
[2025-05-29T14:30:41+05:00] [ERROR]: overflow test109
[2025-05-29T14:30:41+05:00] [INFO]: test info message
[2025-05-29T14:36:35+05:00] [ERROR]: test error
[2025-05-29T14:36:35+05:00] [INFO]: test info
[2025-05-29T14:36:35+05:00] [WARN]: test warn
[2025-05-29T14:36:35+05:00] [ERROR]: overflow test0
[2025-05-29T14:36:35+05:00] [ERROR]: overflow test1
[2025-05-29T14:36:35+05:00] [ERROR]: overflow test2
[2025-05-29T14:36:35+05:00] [ERROR]: overflow test3
[2025-05-29T14:36:35+05:00] [ERROR]: overflow test4
[2025-05-29T14:36:35+05:00] [ERROR]: overflow test5
[2025-05-29T14:36:35+05:00] [ERROR]: overflow test6
[2025-05-29T14:36:35+05:00] [ERROR]: overflow test7
[2025-05-29T14:36:35+05:00] [ERROR]: overflow test8
[2025-05-29T14:36:35+05:00] [ERROR]: overflow test9
[2025-05-29T14:36:35+05:00] [ERROR]: overflow test10
[2025-05-29T14:36:35+05:00] [ERROR]: overflow test11
[2025-05-29T14:36:35+05:00] [ERROR]: overflow test12
[2025-05-29T14:36:35+05:00] [ERROR]: overflow test13
[2025-05-29T14:36:35+05:00] [ERROR]: overflow test14
[2025-05-29T14:36:35+05:00] [ERROR]: overflow test15
[2025-05-29T14:36:35+05:00] [ERROR]: overflow test16
[2025-05-29T14:36:35+05:00] [ERROR]: overflow test17
[2025-05-29T14:36:35+05:00] [ERROR]: overflow test18
[2025-05-29T14:36:35+05:00] [ERROR]: overflow test19
[2025-05-29T14:36:35+05:00] [ERROR]: overflow test20
[2025-05-29T14:36:35+05:00] [ERROR]: overflow test21
[2025-05-29T14:36:35+05:00] [ERROR]: overflow test22
[2025-05-29T14:36:35+05:00] [ERROR]: overflow test23
[2025-05-29T14:36:35+05:00] [ERROR]: overflow test24
[2025-05-29T14:36:35+05:00] [ERROR]: overflow test25
[2025-05-29T14:36:35+05:00] [ERROR]: overflow test26
[2025-05-29T14:36:35+05:00] [ERROR]: overflow test27
[2025-05-29T14:36:35+05:00] [ERROR]: overflow test28
[2025-05-29T14:36:35+05:00] [ERROR]: overflow test29
[2025-05-29T14:36:35+05:00] [ERROR]: overflow test30
[2025-05-29T14:36:35+05:00] [ERROR]: overflow test31
[2025-05-29T14:36:35+05:00] [ERROR]: overflow test32
[2025-05-29T14:36:35+05:00] [ERROR]: overflow test33
[2025-05-29T14:36:35+05:00] [ERROR]: overflow test34
[2025-05-29T14:36:35+05:00] [ERROR]: overflow test35
[2025-05-29T14:36:35+05:00] [ERROR]: overflow test36
[2025-05-29T14:36:35+05:00] [ERROR]: overflow test37
[2025-05-29T14:36:35+05:00] [ERROR]: overflow test38
[2025-05-29T14:36:35+05:00] [ERROR]: overflow test39
[2025-05-29T14:36:35+05:00] [ERROR]: overflow test40
[2025-05-29T14:36:35+05:00] [ERROR]: overflow test41
[2025-05-29T14:36:35+05:00] [ERROR]: overflow test42
[2025-05-29T14:36:35+05:00] [ERROR]: overflow test43
[2025-05-29T14:36:35+05:00] [ERROR]: overflow test44
[2025-05-29T14:36:35+05:00] [ERROR]: overflow test45
[2025-05-29T14:36:35+05:00] [ERROR]: overflow test46
[2025-05-29T14:36:35+05:00] [ERROR]: overflow test47
[2025-05-29T14:36:35+05:00] [ERROR]: overflow test48
[2025-05-29T14:36:35+05:00] [ERROR]: overflow test49
[2025-05-29T14:36:35+05:00] [ERROR]: overflow test50
[2025-05-29T14:36:35+05:00] [ERROR]: overflow test51
[2025-05-29T14:36:35+05:00] [ERROR]: overflow test52
[2025-05-29T14:36:35+05:00] [ERROR]: overflow test53
[2025-05-29T14:36:35+05:00] [ERROR]: overflow test54
[2025-05-29T14:36:35+05:00] [ERROR]: overflow test55
[2025-05-29T14:36:35+05:00] [ERROR]: overflow test56
[2025-05-29T14:36:35+05:00] [ERROR]: overflow test57
[2025-05-29T14:36:35+05:00] [ERROR]: overflow test58
[2025-05-29T14:36:35+05:00] [ERROR]: overflow test59
[2025-05-29T14:36:35+05:00] [ERROR]: overflow test60
[2025-05-29T14:36:35+05:00] [ERROR]: overflow test61
[2025-05-29T14:36:35+05:00] [ERROR]: overflow test62
[2025-05-29T14:36:35+05:00] [ERROR]: overflow test63
[2025-05-29T14:36:35+05:00] [ERROR]: overflow test64
[2025-05-29T14:36:35+05:00] [ERROR]: overflow test65
[2025-05-29T14:36:35+05:00] [ERROR]: overflow test66
[2025-05-29T14:36:35+05:00] [ERROR]: overflow test67
[2025-05-29T14:36:35+05:00] [ERROR]: overflow test68
[2025-05-29T14:36:35+05:00] [ERROR]: overflow test69
[2025-05-29T14:36:35+05:00] [ERROR]: overflow test70
[2025-05-29T14:36:35+05:00] [ERROR]: overflow test71
[2025-05-29T14:36:35+05:00] [ERROR]: overflow test72
[2025-05-29T14:36:35+05:00] [ERROR]: overflow test73
[2025-05-29T14:36:35+05:00] [ERROR]: overflow test74
[2025-05-29T14:36:35+05:00] [ERROR]: overflow test75
[2025-05-29T14:36:35+05:00] [ERROR]: overflow test76
[2025-05-29T14:36:35+05:00] [ERROR]: overflow test77
[2025-05-29T14:36:35+05:00] [ERROR]: overflow test78
[2025-05-29T14:36:35+05:00] [ERROR]: overflow test79
[2025-05-29T14:36:35+05:00] [ERROR]: overflow test80
[2025-05-29T14:36:35+05:00] [ERROR]: overflow test81
[2025-05-29T14:36:35+05:00] [ERROR]: overflow test82
[2025-05-29T14:36:35+05:00] [ERROR]: overflow test83
[2025-05-29T14:36:35+05:00] [ERROR]: overflow test84
[2025-05-29T14:36:35+05:00] [ERROR]: overflow test85
[2025-05-29T14:36:35+05:00] [ERROR]: overflow test86
[2025-05-29T14:36:35+05:00] [ERROR]: overflow test87
[2025-05-29T14:36:35+05:00] [ERROR]: overflow test88
[2025-05-29T14:36:35+05:00] [ERROR]: overflow test89
[2025-05-29T14:36:35+05:00] [ERROR]: overflow test90
[2025-05-29T14:36:35+05:00] [ERROR]: overflow test91
[2025-05-29T14:36:35+05:00] [ERROR]: overflow test92
[2025-05-29T14:36:35+05:00] [ERROR]: overflow test93
[2025-05-29T14:36:35+05:00] [ERROR]: overflow test94
[2025-05-29T14:36:35+05:00] [ERROR]: overflow test95
[2025-05-29T14:36:35+05:00] [ERROR]: overflow test96
[2025-05-29T14:36:35+05:00] [ERROR]: overflow test97
[2025-05-29T14:36:35+05:00] [ERROR]: overflow test98
[2025-05-29T14:36:35+05:00] [ERROR]: overflow test99
[2025-05-29T14:36:35+05:00] [ERROR]: overflow test100
[2025-05-29T14:36:35+05:00] [ERROR]: overflow test101
[2025-05-29T14:36:35+05:00] [ERROR]: overflow test102
[2025-05-29T14:36:35+05:00] [ERROR]: overflow test103
[2025-05-29T14:36:35+05:00] [ERROR]: overflow test104
[2025-05-29T14:36:35+05:00] [ERROR]: overflow test105
[2025-05-29T14:36:35+05:00] [ERROR]: overflow test106
[2025-05-29T14:36:35+05:00] [ERROR]: overflow test107
[2025-05-29T14:36:35+05:00] [ERROR]: overflow test108
[2025-05-29T14:36:35+05:00] [ERROR]: overflow test109
[2025-05-29T14:36:35+05:00] [INFO]: test info message
[2025-05-29T14:43:32+05:00] [ERROR]: test error
[2025-05-29T14:43:32+05:00] [INFO]: test info
[2025-05-29T14:43:32+05:00] [WARN]: test warn
[2025-05-29T14:43:32+05:00] [ERROR]: overflow test0
[2025-05-29T14:43:32+05:00] [ERROR]: overflow test1
[2025-05-29T14:43:32+05:00] [ERROR]: overflow test2
[2025-05-29T14:43:32+05:00] [ERROR]: overflow test3
[2025-05-29T14:43:32+05:00] [ERROR]: overflow test4
[2025-05-29T14:43:32+05:00] [ERROR]: overflow test5
[2025-05-29T14:43:32+05:00] [ERROR]: overflow test6
[2025-05-29T14:43:32+05:00] [ERROR]: overflow test7
[2025-05-29T14:43:32+05:00] [ERROR]: overflow test8
[2025-05-29T14:43:32+05:00] [ERROR]: overflow test9
[2025-05-29T14:43:32+05:00] [ERROR]: overflow test10
[2025-05-29T14:43:32+05:00] [ERROR]: overflow test11
[2025-05-29T14:43:32+05:00] [ERROR]: overflow test12
[2025-05-29T14:43:32+05:00] [ERROR]: overflow test13
[2025-05-29T14:43:32+05:00] [ERROR]: overflow test14
[2025-05-29T14:43:32+05:00] [ERROR]: overflow test15
[2025-05-29T14:43:32+05:00] [ERROR]: overflow test16
[2025-05-29T14:43:32+05:00] [ERROR]: overflow test17
[2025-05-29T14:43:32+05:00] [ERROR]: overflow test18
[2025-05-29T14:43:32+05:00] [ERROR]: overflow test19
[2025-05-29T14:43:32+05:00] [ERROR]: overflow test20
[2025-05-29T14:43:32+05:00] [ERROR]: overflow test21
[2025-05-29T14:43:32+05:00] [ERROR]: overflow test22
[2025-05-29T14:43:32+05:00] [ERROR]: overflow test23
[2025-05-29T14:43:32+05:00] [ERROR]: overflow test24
[2025-05-29T14:43:32+05:00] [ERROR]: overflow test25
[2025-05-29T14:43:32+05:00] [ERROR]: overflow test26
[2025-05-29T14:43:32+05:00] [ERROR]: overflow test27
[2025-05-29T14:43:32+05:00] [ERROR]: overflow test28
[2025-05-29T14:43:32+05:00] [ERROR]: overflow test29
[2025-05-29T14:43:32+05:00] [ERROR]: overflow test30
[2025-05-29T14:43:32+05:00] [ERROR]: overflow test31
[2025-05-29T14:43:32+05:00] [ERROR]: overflow test32
[2025-05-29T14:43:32+05:00] [ERROR]: overflow test33
[2025-05-29T14:43:32+05:00] [ERROR]: overflow test34
[2025-05-29T14:43:32+05:00] [ERROR]: overflow test35
[2025-05-29T14:43:32+05:00] [ERROR]: overflow test36
[2025-05-29T14:43:32+05:00] [ERROR]: overflow test37
[2025-05-29T14:43:32+05:00] [ERROR]: overflow test38
[2025-05-29T14:43:32+05:00] [ERROR]: overflow test39
[2025-05-29T14:43:32+05:00] [ERROR]: overflow test40
[2025-05-29T14:43:32+05:00] [ERROR]: overflow test41
[2025-05-29T14:43:32+05:00] [ERROR]: overflow test42
[2025-05-29T14:43:32+05:00] [ERROR]: overflow test43
[2025-05-29T14:43:32+05:00] [ERROR]: overflow test44
[2025-05-29T14:43:32+05:00] [ERROR]: overflow test45
[2025-05-29T14:43:32+05:00] [ERROR]: overflow test46
[2025-05-29T14:43:32+05:00] [ERROR]: overflow test47
[2025-05-29T14:43:32+05:00] [ERROR]: overflow test48
[2025-05-29T14:43:32+05:00] [ERROR]: overflow test49
[2025-05-29T14:43:32+05:00] [ERROR]: overflow test50
[2025-05-29T14:43:32+05:00] [ERROR]: overflow test51
[2025-05-29T14:43:32+05:00] [ERROR]: overflow test52
[2025-05-29T14:43:32+05:00] [ERROR]: overflow test53
[2025-05-29T14:43:32+05:00] [ERROR]: overflow test54
[2025-05-29T14:43:32+05:00] [ERROR]: overflow test55
[2025-05-29T14:43:32+05:00] [ERROR]: overflow test56
[2025-05-29T14:43:32+05:00] [ERROR]: overflow test57
[2025-05-29T14:43:32+05:00] [ERROR]: overflow test58
[2025-05-29T14:43:32+05:00] [ERROR]: overflow test59
[2025-05-29T14:43:32+05:00] [ERROR]: overflow test60
[2025-05-29T14:43:32+05:00] [ERROR]: overflow test61
[2025-05-29T14:43:32+05:00] [ERROR]: overflow test62
[2025-05-29T14:43:32+05:00] [ERROR]: overflow test63
[2025-05-29T14:43:32+05:00] [ERROR]: overflow test64
[2025-05-29T14:43:32+05:00] [ERROR]: overflow test65
[2025-05-29T14:43:32+05:00] [ERROR]: overflow test66
[2025-05-29T14:43:32+05:00] [ERROR]: overflow test67
[2025-05-29T14:43:32+05:00] [ERROR]: overflow test68
[2025-05-29T14:43:32+05:00] [ERROR]: overflow test69
[2025-05-29T14:43:32+05:00] [ERROR]: overflow test70
[2025-05-29T14:43:32+05:00] [ERROR]: overflow test71
[2025-05-29T14:43:32+05:00] [ERROR]: overflow test72
[2025-05-29T14:43:32+05:00] [ERROR]: overflow test73
[2025-05-29T14:43:32+05:00] [ERROR]: overflow test74
[2025-05-29T14:43:32+05:00] [ERROR]: overflow test75
[2025-05-29T14:43:32+05:00] [ERROR]: overflow test76
[2025-05-29T14:43:32+05:00] [ERROR]: overflow test77
[2025-05-29T14:43:32+05:00] [ERROR]: overflow test78
[2025-05-29T14:43:32+05:00] [ERROR]: overflow test79
[2025-05-29T14:43:32+05:00] [ERROR]: overflow test80
[2025-05-29T14:43:32+05:00] [ERROR]: overflow test81
[2025-05-29T14:43:32+05:00] [ERROR]: overflow test82
[2025-05-29T14:43:32+05:00] [ERROR]: overflow test83
[2025-05-29T14:43:32+05:00] [ERROR]: overflow test84
[2025-05-29T14:43:32+05:00] [ERROR]: overflow test85
[2025-05-29T14:43:32+05:00] [ERROR]: overflow test86
[2025-05-29T14:43:32+05:00] [ERROR]: overflow test87
[2025-05-29T14:43:32+05:00] [ERROR]: overflow test88
[2025-05-29T14:43:32+05:00] [ERROR]: overflow test89
[2025-05-29T14:43:32+05:00] [ERROR]: overflow test90
[2025-05-29T14:43:32+05:00] [ERROR]: overflow test91
[2025-05-29T14:43:32+05:00] [ERROR]: overflow test92
[2025-05-29T14:43:32+05:00] [ERROR]: overflow test93
[2025-05-29T14:43:32+05:00] [ERROR]: overflow test94
[2025-05-29T14:43:32+05:00] [ERROR]: overflow test95
[2025-05-29T14:43:32+05:00] [ERROR]: overflow test96
[2025-05-29T14:43:32+05:00] [ERROR]: overflow test97
[2025-05-29T14:43:32+05:00] [ERROR]: overflow test98
[2025-05-29T14:43:32+05:00] [ERROR]: overflow test99
[2025-05-29T14:43:32+05:00] [ERROR]: overflow test100
[2025-05-29T14:43:32+05:00] [ERROR]: overflow test101
[2025-05-29T14:43:32+05:00] [ERROR]: overflow test102
[2025-05-29T14:43:32+05:00] [ERROR]: overflow test103
[2025-05-29T14:43:32+05:00] [ERROR]: overflow test104
[2025-05-29T14:43:32+05:00] [ERROR]: overflow test105
[2025-05-29T14:43:32+05:00] [ERROR]: overflow test106
[2025-05-29T14:43:32+05:00] [ERROR]: overflow test107
[2025-05-29T14:43:32+05:00] [ERROR]: overflow test108
[2025-05-29T14:43:32+05:00] [ERROR]: overflow test109
[2025-05-29T14:43:32+05:00] [INFO]: test info message
[2025-05-29T14:44:25+05:00] [ERROR]: test error
[2025-05-29T14:44:25+05:00] [INFO]: test info
[2025-05-29T14:44:25+05:00] [WARN]: test warn
[2025-05-29T14:44:25+05:00] [ERROR]: overflow test0
[2025-05-29T14:44:25+05:00] [ERROR]: overflow test1
[2025-05-29T14:44:25+05:00] [ERROR]: overflow test2
[2025-05-29T14:44:25+05:00] [ERROR]: overflow test3
[2025-05-29T14:44:25+05:00] [ERROR]: overflow test4
[2025-05-29T14:44:25+05:00] [ERROR]: overflow test5
[2025-05-29T14:44:25+05:00] [ERROR]: overflow test6
[2025-05-29T14:44:25+05:00] [ERROR]: overflow test7
[2025-05-29T14:44:25+05:00] [ERROR]: overflow test8
[2025-05-29T14:44:25+05:00] [ERROR]: overflow test9
[2025-05-29T14:44:25+05:00] [ERROR]: overflow test10
[2025-05-29T14:44:25+05:00] [ERROR]: overflow test11
[2025-05-29T14:44:25+05:00] [ERROR]: overflow test12
[2025-05-29T14:44:25+05:00] [ERROR]: overflow test13
[2025-05-29T14:44:25+05:00] [ERROR]: overflow test14
[2025-05-29T14:44:25+05:00] [ERROR]: overflow test15
[2025-05-29T14:44:25+05:00] [ERROR]: overflow test16
[2025-05-29T14:44:25+05:00] [ERROR]: overflow test17
[2025-05-29T14:44:25+05:00] [ERROR]: overflow test18
[2025-05-29T14:44:25+05:00] [ERROR]: overflow test19
[2025-05-29T14:44:25+05:00] [ERROR]: overflow test20
[2025-05-29T14:44:25+05:00] [ERROR]: overflow test21
[2025-05-29T14:44:25+05:00] [ERROR]: overflow test22
[2025-05-29T14:44:25+05:00] [ERROR]: overflow test23
[2025-05-29T14:44:25+05:00] [ERROR]: overflow test24
[2025-05-29T14:44:25+05:00] [ERROR]: overflow test25
[2025-05-29T14:44:25+05:00] [ERROR]: overflow test26
[2025-05-29T14:44:25+05:00] [ERROR]: overflow test27
[2025-05-29T14:44:25+05:00] [ERROR]: overflow test28
[2025-05-29T14:44:25+05:00] [ERROR]: overflow test29
[2025-05-29T14:44:25+05:00] [ERROR]: overflow test30
[2025-05-29T14:44:25+05:00] [ERROR]: overflow test31
[2025-05-29T14:44:25+05:00] [ERROR]: overflow test32
[2025-05-29T14:44:25+05:00] [ERROR]: overflow test33
[2025-05-29T14:44:25+05:00] [ERROR]: overflow test34
[2025-05-29T14:44:25+05:00] [ERROR]: overflow test35
[2025-05-29T14:44:25+05:00] [ERROR]: overflow test36
[2025-05-29T14:44:25+05:00] [ERROR]: overflow test37
[2025-05-29T14:44:25+05:00] [ERROR]: overflow test38
[2025-05-29T14:44:25+05:00] [ERROR]: overflow test39
[2025-05-29T14:44:25+05:00] [ERROR]: overflow test40
[2025-05-29T14:44:25+05:00] [ERROR]: overflow test41
[2025-05-29T14:44:25+05:00] [ERROR]: overflow test42
[2025-05-29T14:44:25+05:00] [ERROR]: overflow test43
[2025-05-29T14:44:25+05:00] [ERROR]: overflow test44
[2025-05-29T14:44:25+05:00] [ERROR]: overflow test45
[2025-05-29T14:44:25+05:00] [ERROR]: overflow test46
[2025-05-29T14:44:25+05:00] [ERROR]: overflow test47
[2025-05-29T14:44:25+05:00] [ERROR]: overflow test48
[2025-05-29T14:44:25+05:00] [ERROR]: overflow test49
[2025-05-29T14:44:25+05:00] [ERROR]: overflow test50
[2025-05-29T14:44:25+05:00] [ERROR]: overflow test51
[2025-05-29T14:44:25+05:00] [ERROR]: overflow test52
[2025-05-29T14:44:25+05:00] [ERROR]: overflow test53
[2025-05-29T14:44:25+05:00] [ERROR]: overflow test54
[2025-05-29T14:44:25+05:00] [ERROR]: overflow test55
[2025-05-29T14:44:25+05:00] [ERROR]: overflow test56
[2025-05-29T14:44:25+05:00] [ERROR]: overflow test57
[2025-05-29T14:44:25+05:00] [ERROR]: overflow test58
[2025-05-29T14:44:25+05:00] [ERROR]: overflow test59
[2025-05-29T14:44:25+05:00] [ERROR]: overflow test60
[2025-05-29T14:44:25+05:00] [ERROR]: overflow test61
[2025-05-29T14:44:25+05:00] [ERROR]: overflow test62
[2025-05-29T14:44:25+05:00] [ERROR]: overflow test63
[2025-05-29T14:44:25+05:00] [ERROR]: overflow test64
[2025-05-29T14:44:25+05:00] [ERROR]: overflow test65
[2025-05-29T14:44:25+05:00] [ERROR]: overflow test66
[2025-05-29T14:44:25+05:00] [ERROR]: overflow test67
[2025-05-29T14:44:25+05:00] [ERROR]: overflow test68
[2025-05-29T14:44:25+05:00] [ERROR]: overflow test69
[2025-05-29T14:44:25+05:00] [ERROR]: overflow test70
[2025-05-29T14:44:25+05:00] [ERROR]: overflow test71
[2025-05-29T14:44:25+05:00] [ERROR]: overflow test72
[2025-05-29T14:44:25+05:00] [ERROR]: overflow test73
[2025-05-29T14:44:25+05:00] [ERROR]: overflow test74
[2025-05-29T14:44:25+05:00] [ERROR]: overflow test75
[2025-05-29T14:44:25+05:00] [ERROR]: overflow test76
[2025-05-29T14:44:25+05:00] [ERROR]: overflow test77
[2025-05-29T14:44:25+05:00] [ERROR]: overflow test78
[2025-05-29T14:44:25+05:00] [ERROR]: overflow test79
[2025-05-29T14:44:25+05:00] [ERROR]: overflow test80
[2025-05-29T14:44:25+05:00] [ERROR]: overflow test81
[2025-05-29T14:44:25+05:00] [ERROR]: overflow test82
[2025-05-29T14:44:25+05:00] [ERROR]: overflow test83
[2025-05-29T14:44:25+05:00] [ERROR]: overflow test84
[2025-05-29T14:44:25+05:00] [ERROR]: overflow test85
[2025-05-29T14:44:25+05:00] [ERROR]: overflow test86
[2025-05-29T14:44:25+05:00] [ERROR]: overflow test87
[2025-05-29T14:44:25+05:00] [ERROR]: overflow test88
[2025-05-29T14:44:25+05:00] [ERROR]: overflow test89
[2025-05-29T14:44:25+05:00] [ERROR]: overflow test90
[2025-05-29T14:44:25+05:00] [ERROR]: overflow test91
[2025-05-29T14:44:25+05:00] [ERROR]: overflow test92
[2025-05-29T14:44:25+05:00] [ERROR]: overflow test93
[2025-05-29T14:44:25+05:00] [ERROR]: overflow test94
[2025-05-29T14:44:25+05:00] [ERROR]: overflow test95
[2025-05-29T14:44:25+05:00] [ERROR]: overflow test96
[2025-05-29T14:44:25+05:00] [ERROR]: overflow test97
[2025-05-29T14:44:25+05:00] [ERROR]: overflow test98
[2025-05-29T14:44:25+05:00] [ERROR]: overflow test99
[2025-05-29T14:44:25+05:00] [ERROR]: overflow test100
[2025-05-29T14:44:25+05:00] [ERROR]: overflow test101
[2025-05-29T14:44:25+05:00] [ERROR]: overflow test102
[2025-05-29T14:44:25+05:00] [ERROR]: overflow test103
[2025-05-29T14:44:25+05:00] [ERROR]: overflow test104
[2025-05-29T14:44:25+05:00] [ERROR]: overflow test105
[2025-05-29T14:44:25+05:00] [ERROR]: overflow test106
[2025-05-29T14:44:25+05:00] [ERROR]: overflow test107
[2025-05-29T14:44:25+05:00] [ERROR]: overflow test108
[2025-05-29T14:44:25+05:00] [ERROR]: overflow test109
[2025-05-29T14:44:25+05:00] [INFO]: test info message
